WARNING|wrapper|test.HelloWorld|24-04-08 18:22:59|YAJSW: yajsw-stable-13.12
WARNING|wrapper|test.HelloWorld|24-04-08 18:22:59|OS   : Windows 10/10.0/amd64
WARNING|wrapper|test.HelloWorld|24-04-08 18:22:59|JVM  : Oracle Corporation/1.8.0_144/C:\Program Files\Java\jre1.8.0_144/64
WARNING|wrapper|test.HelloWorld|24-04-08 18:23:00|error binding port for system tray icon, please check configuration
INFO|wrapper|test.HelloWorld|24-04-08 18:23:02|started process with pid 10388
INFO|10388/0|test.HelloWorld|24-04-08 18:23:03|TESTENV :null
INFO|10388/0|test.HelloWorld|24-04-08 18:23:03|TESTPROP: null
INFO|10388/0|test.HelloWorld|24-04-08 18:23:03|public abstract java.nio.file.Path java.nio.file.Path.toAbsolutePath()
INFO|10388/0|test.HelloWorld|24-04-08 18:23:03|working dir path: Z:\dev\yajsw\releases\yajsw-stable-13.12\bat\.
INFO|10388/0|test.HelloWorld|24-04-08 18:23:03|java.library.path: C:\Program Files\Java\jre1.8.0_144\bin;C:\Windows\Sun\Java\bin;C:\Windows\system32;C:\Windows;C:\Program Files\NVIDIA GPU Computing Toolkit\CUDA\v12.1\bin;C:\Program Files\NVIDIA GPU Computing Toolkit\CUDA\v12.1\libnvvp;C:\Program Files (x86)\Common Files\Oracle\Java\javapath;C:\ProgramData\Oracle\Java\javapath;C:\Program Files\NVIDIA GPU Computing Toolkit\CUDA\v8.0\bin;C:\Program Files\NVIDIA GPU Computing Toolkit\CUDA\v8.0\libnvvp;C:\WINDOWS\system32;C:\WINDOWS;C:\WINDOWS\System32\Wbem;C:\WINDOWS\System32\WindowsPowerShell\v1.0\;C:\Program Files (x86)\NVIDIA Corporation\PhysX\Common;C:\Program Files (x86)\Microsoft Visual Studio\2017\Community\VC\Tools\MSVC\14.10.25017\bin\HostX86\x64;C:\Users\test\AppData\Local\Programs\Python\Python35\Scripts;C:\Program Files\NVIDIA GPU Computing Toolkit\CUDA\v8.0\lib\x64;C:\Program Files\NVIDIA GPU Computing Toolkit\CUDA\v8.0\extras\CUPTI\libx64;C:\WINDOWS\system32;C:\WINDOWS;C:\WINDOWS\System32\Wbem;C:\WINDOWS\System32\WindowsPowerShell\v1.0\;Z:\npm_install;C:\WINDOWS\System32\OpenSSH\;C:\Program Files\Microsoft VS Code\bin;C:\Program Files\Microsoft SQL Server\Client SDK\ODBC\170\Tools\Binn\;C:\Program Files (x86)\Microsoft SQL Server\150\Tools\Binn\;C:\Program Files\Microsoft SQL Server\150\Tools\Binn\;C:\Program Files\Microsoft SQL Server\150\DTS\Binn\;C:\ProgramData\chocolatey\bin;C:\Program Files\Docker\Docker\resources\bin;C:\ProgramData\DockerDesktop\version-bin;C:\Program Files\TortoiseGit\bin;C:\Program Files\WireGuard\;C:\Program Files\Go\bin;C:\Program Files\NVIDIA Corporation\Nsight Compute 2023.1.1\;C:\Program Files\Git\cmd;C:\Users\test\AppData\Roaming\nvm;C:\Program Files\nodejs;C:\Users\test\AppData\Local\Microsoft\WindowsApps;C:\Program Files\Docker Toolbox;C:\Program Files\Microsoft VS Code\bin;Z:\npm_install;C:\Users\test\AppData\Roaming\npm;c:\test\;C:\Users\test\AppData\Roaming\cabal\bin;C:\tools\ghc-9.0.1\bin;C:\tools\msys64;C:\Users\test\Downloads\ant-current-bin\apache-ant-1.8.2\bin;C:\Users\test\go\bin;C:\Users\test\AppData\Roaming\nvm;C:\Program Files\nodejs;C:\test\java\apache-maven-3.9.6\bin;C:\Program Files\PostgreSQL\16\bin;C:\Program Files (x86)\Notepad++;;.
INFO|10388/0|test.HelloWorld|24-04-08 18:23:03|myenv null
INFO|10388/0|test.HelloWorld|24-04-08 18:23:04|wrapper property: null
INFO|10388/0|test.HelloWorld|24-04-08 18:23:04|args:
INFO|10388/0|test.HelloWorld|24-04-08 18:23:04|a1
INFO|10388/0|test.HelloWorld|24-04-08 18:23:04|a2
INFO|10388/0|test.HelloWorld|24-04-08 18:23:04|0
INFO|10388/0|test.HelloWorld|24-04-08 18:23:04|0
INFO|10388/0|test.HelloWorld|24-04-08 18:23:04|0
INFO|10388/0|test.HelloWorld|24-04-08 18:23:04|1
INFO|10388/0|test.HelloWorld|24-04-08 18:23:04|1
INFO|10388/0|test.HelloWorld|24-04-08 18:23:04|1
INFO|10388/0|test.HelloWorld|24-04-08 18:23:04|2
INFO|10388/0|test.HelloWorld|24-04-08 18:23:04|2
INFO|10388/0|test.HelloWorld|24-04-08 18:23:04|2
INFO|10388/0|test.HelloWorld|24-04-08 18:23:04|3
INFO|10388/0|test.HelloWorld|24-04-08 18:23:04|3
INFO|10388/0|test.HelloWorld|24-04-08 18:23:04|3
INFO|10388/0|test.HelloWorld|24-04-08 18:23:04|4
INFO|10388/0|test.HelloWorld|24-04-08 18:23:04|4
INFO|10388/0|test.HelloWorld|24-04-08 18:23:04|4
INFO|10388/0|test.HelloWorld|24-04-08 18:23:04|a3
INFO|10388/0|test.HelloWorld|24-04-08 18:23:04|a4
INFO|10388/0|test.HelloWorld|24-04-08 18:23:04|5
INFO|10388/0|test.HelloWorld|24-04-08 18:23:04|5
INFO|10388/0|test.HelloWorld|24-04-08 18:23:04|5
INFO|10388/0|test.HelloWorld|24-04-08 18:23:04|6
INFO|10388/0|test.HelloWorld|24-04-08 18:23:04|6
INFO|10388/0|test.HelloWorld|24-04-08 18:23:04|6
INFO|10388/0|test.HelloWorld|24-04-08 18:23:05|7
INFO|10388/0|test.HelloWorld|24-04-08 18:23:05|7
INFO|10388/0|test.HelloWorld|24-04-08 18:23:05|7
INFO|10388/0|test.HelloWorld|24-04-08 18:23:05|8
INFO|10388/0|test.HelloWorld|24-04-08 18:23:05|8
INFO|10388/0|test.HelloWorld|24-04-08 18:23:05|8
INFO|10388/0|test.HelloWorld|24-04-08 18:23:05|9
INFO|10388/0|test.HelloWorld|24-04-08 18:23:05|9
INFO|10388/0|test.HelloWorld|24-04-08 18:23:05|9
INFO|10388/0|test.HelloWorld|24-04-08 18:23:05|a5
INFO|10388/0|test.HelloWorld|24-04-08 18:23:05|a6
INFO|10388/0|test.HelloWorld|24-04-08 18:23:05|a7
INFO|10388/0|test.HelloWorld|24-04-08 18:23:05|a8
INFO|10388/0|test.HelloWorld|24-04-08 18:23:06|a9
INFO|10388/0|test.HelloWorld|24-04-08 18:23:06|a10
INFO|10388/0|test.HelloWorld|24-04-08 18:23:06|a11
INFO|10388/0|test.HelloWorld|24-04-08 18:23:06|a12
INFO|wrapper|test.HelloWorld|24-04-08 18:23:07|Shutting down Wrapper
INFO|wrapper|test.HelloWorld|24-04-08 18:23:07|stopping process with pid/timeout 10388 45000
INFO|10388/0|test.HelloWorld|24-04-08 18:23:07|a13
INFO|10388/0|test.HelloWorld|24-04-08 18:23:07|a14
INFO|10388/0|test.HelloWorld|24-04-08 18:23:07|a15
INFO|10388/0|test.HelloWorld|24-04-08 18:23:07|a16
INFO|10388/0|test.HelloWorld|24-04-08 18:23:08|a17
INFO|10388/0|test.HelloWorld|24-04-08 18:23:08|a18
INFO|10388/0|test.HelloWorld|24-04-08 18:23:08|a19
INFO|10388/0|test.HelloWorld|24-04-08 18:23:08|a20
INFO|10388/0|test.HelloWorld|24-04-08 18:23:09|a21
INFO|10388/0|test.HelloWorld|24-04-08 18:23:09|a22
INFO|10388/0|test.HelloWorld|24-04-08 18:23:09|a23
INFO|10388/0|test.HelloWorld|24-04-08 18:23:09|a24
INFO|10388/0|test.HelloWorld|24-04-08 18:23:10|a25
INFO|10388/0|test.HelloWorld|24-04-08 18:23:10|a26
INFO|10388/0|test.HelloWorld|24-04-08 18:23:10|a27
INFO|10388/0|test.HelloWorld|24-04-08 18:23:10|a28
INFO|10388/0|test.HelloWorld|24-04-08 18:23:11|a29
INFO|10388/0|test.HelloWorld|24-04-08 18:23:11|a30
INFO|10388/0|test.HelloWorld|24-04-08 18:23:11|a31
INFO|10388/0|test.HelloWorld|24-04-08 18:23:11|a32
INFO|10388/0|test.HelloWorld|24-04-08 18:23:12|a33
INFO|10388/0|test.HelloWorld|24-04-08 18:23:12|a34
INFO|10388/0|test.HelloWorld|24-04-08 18:23:12|a35
INFO|10388/0|test.HelloWorld|24-04-08 18:23:12|a36
INFO|10388/0|test.HelloWorld|24-04-08 18:23:13|a37
INFO|10388/0|test.HelloWorld|24-04-08 18:23:13|a38
INFO|10388/0|test.HelloWorld|24-04-08 18:23:13|a39
INFO|10388/0|test.HelloWorld|24-04-08 18:23:13|a40
INFO|10388/0|test.HelloWorld|24-04-08 18:23:14|a41
INFO|10388/0|test.HelloWorld|24-04-08 18:23:14|a42
INFO|10388/0|test.HelloWorld|24-04-08 18:23:14|a43
INFO|10388/0|test.HelloWorld|24-04-08 18:23:14|a44
INFO|10388/0|test.HelloWorld|24-04-08 18:23:15|a45
INFO|10388/0|test.HelloWorld|24-04-08 18:23:15|a46
INFO|10388/0|test.HelloWorld|24-04-08 18:23:16|a47
INFO|10388/0|test.HelloWorld|24-04-08 18:23:16|a48
INFO|10388/0|test.HelloWorld|24-04-08 18:23:16|a49
INFO|10388/0|test.HelloWorld|24-04-08 18:23:16|a50
INFO|10388/0|test.HelloWorld|24-04-08 18:23:16|a51
INFO|10388/0|test.HelloWorld|24-04-08 18:23:16|a52
INFO|10388/0|test.HelloWorld|24-04-08 18:23:17|a53
INFO|10388/0|test.HelloWorld|24-04-08 18:23:17|a54
INFO|10388/0|test.HelloWorld|24-04-08 18:23:18|a55
INFO|10388/0|test.HelloWorld|24-04-08 18:23:18|a56
INFO|10388/0|test.HelloWorld|24-04-08 18:23:18|a57
INFO|10388/0|test.HelloWorld|24-04-08 18:23:18|a58
INFO|10388/0|test.HelloWorld|24-04-08 18:23:19|a59
INFO|10388/0|test.HelloWorld|24-04-08 18:23:20|a60
INFO|10388/0|test.HelloWorld|24-04-08 18:23:20|a61
INFO|10388/0|test.HelloWorld|24-04-08 18:23:20|a62
INFO|10388/0|test.HelloWorld|24-04-08 18:23:20|a63
FINEST|10388/0|test.HelloWorld|24-04-08 18:23:20|a64
FINEST|10388/0|test.HelloWorld|24-04-08 18:23:20|a65
FINEST|10388/0|test.HelloWorld|24-04-08 18:23:20|a66
FINEST|10388/0|test.HelloWorld|24-04-08 18:23:20|a67
FINEST|10388/0|test.HelloWorld|24-04-08 18:23:20|a68
FINEST|10388/0|test.HelloWorld|24-04-08 18:23:21|a69
FINEST|10388/0|test.HelloWorld|24-04-08 18:23:21|a70
FINEST|10388/0|test.HelloWorld|24-04-08 18:23:22|a71
FINEST|10388/0|test.HelloWorld|24-04-08 18:23:22|a72
FINEST|10388/0|test.HelloWorld|24-04-08 18:23:22|a73
FINEST|10388/0|test.HelloWorld|24-04-08 18:23:22|a74
FINEST|10388/0|test.HelloWorld|24-04-08 18:23:23|a75
FINEST|10388/0|test.HelloWorld|24-04-08 18:23:23|a76
FINEST|10388/0|test.HelloWorld|24-04-08 18:23:23|a77
FINEST|10388/0|test.HelloWorld|24-04-08 18:23:23|a78
FINEST|10388/0|test.HelloWorld|24-04-08 18:23:24|a79
FINEST|10388/0|test.HelloWorld|24-04-08 18:23:24|a80
FINEST|10388/0|test.HelloWorld|24-04-08 18:23:24|a81
FINEST|10388/0|test.HelloWorld|24-04-08 18:23:24|a82
FINEST|10388/0|test.HelloWorld|24-04-08 18:23:25|a83
FINEST|10388/0|test.HelloWorld|24-04-08 18:23:25|a84
FINEST|10388/0|test.HelloWorld|24-04-08 18:23:25|a85
FINEST|10388/0|test.HelloWorld|24-04-08 18:23:25|a86
FINEST|10388/0|test.HelloWorld|24-04-08 18:23:26|a87
FINEST|10388/0|test.HelloWorld|24-04-08 18:23:26|a88
FINEST|10388/0|test.HelloWorld|24-04-08 18:23:26|a89
FINEST|10388/0|test.HelloWorld|24-04-08 18:23:26|a90
FINEST|10388/0|test.HelloWorld|24-04-08 18:23:27|a91
FINEST|10388/0|test.HelloWorld|24-04-08 18:23:27|a92
FINEST|10388/0|test.HelloWorld|24-04-08 18:23:27|a93
FINEST|10388/0|test.HelloWorld|24-04-08 18:23:27|a94
FINEST|10388/0|test.HelloWorld|24-04-08 18:23:28|a95
FINEST|10388/0|test.HelloWorld|24-04-08 18:23:28|a96
FINEST|10388/0|test.HelloWorld|24-04-08 18:23:28|a97
FINEST|10388/0|test.HelloWorld|24-04-08 18:23:28|a98
FINEST|10388/0|test.HelloWorld|24-04-08 18:23:29|a99
FINEST|10388/0|test.HelloWorld|24-04-08 18:23:29|a100
FINEST|10388/0|test.HelloWorld|24-04-08 18:23:29|a101
FINEST|10388/0|test.HelloWorld|24-04-08 18:23:29|a102
FINEST|10388/0|test.HelloWorld|24-04-08 18:23:30|a103
FINEST|10388/0|test.HelloWorld|24-04-08 18:23:30|a104
FINEST|10388/0|test.HelloWorld|24-04-08 18:23:30|a105
FINEST|10388/0|test.HelloWorld|24-04-08 18:23:30|a106
FINEST|10388/0|test.HelloWorld|24-04-08 18:23:31|a107
FINEST|10388/0|test.HelloWorld|24-04-08 18:23:31|a108
FINEST|10388/0|test.HelloWorld|24-04-08 18:23:31|a109
FINEST|10388/0|test.HelloWorld|24-04-08 18:23:31|a110
FINEST|10388/0|test.HelloWorld|24-04-08 18:23:32|a111
FINEST|10388/0|test.HelloWorld|24-04-08 18:23:32|a112
WARNING|wrapper|test.HelloWorld|24-04-08 18:23:49|YAJSW: yajsw-stable-13.12
WARNING|wrapper|test.HelloWorld|24-04-08 18:23:49|OS   : Windows 10/10.0/amd64
WARNING|wrapper|test.HelloWorld|24-04-08 18:23:49|JVM  : Oracle Corporation/1.8.0_144/C:\Program Files\Java\jre1.8.0_144/64
WARNING|wrapper|test.HelloWorld|24-04-08 18:23:49|error binding port for system tray icon, please check configuration
INFO|wrapper|test.HelloWorld|24-04-08 18:23:52|started process with pid 15040
INFO|15040/0|test.HelloWorld|24-04-08 18:23:53|TESTENV :null
INFO|15040/0|test.HelloWorld|24-04-08 18:23:53|TESTPROP: null
INFO|15040/0|test.HelloWorld|24-04-08 18:23:53|public abstract java.nio.file.Path java.nio.file.Path.toAbsolutePath()
INFO|15040/0|test.HelloWorld|24-04-08 18:23:53|working dir path: Z:\dev\yajsw\releases\yajsw-stable-13.12\bat\.
INFO|15040/0|test.HelloWorld|24-04-08 18:23:53|java.library.path: C:\Program Files\Java\jre1.8.0_144\bin;C:\Windows\Sun\Java\bin;C:\Windows\system32;C:\Windows;C:\Program Files\NVIDIA GPU Computing Toolkit\CUDA\v12.1\bin;C:\Program Files\NVIDIA GPU Computing Toolkit\CUDA\v12.1\libnvvp;C:\Program Files (x86)\Common Files\Oracle\Java\javapath;C:\ProgramData\Oracle\Java\javapath;C:\Program Files\NVIDIA GPU Computing Toolkit\CUDA\v8.0\bin;C:\Program Files\NVIDIA GPU Computing Toolkit\CUDA\v8.0\libnvvp;C:\WINDOWS\system32;C:\WINDOWS;C:\WINDOWS\System32\Wbem;C:\WINDOWS\System32\WindowsPowerShell\v1.0\;C:\Program Files (x86)\NVIDIA Corporation\PhysX\Common;C:\Program Files (x86)\Microsoft Visual Studio\2017\Community\VC\Tools\MSVC\14.10.25017\bin\HostX86\x64;C:\Users\test\AppData\Local\Programs\Python\Python35\Scripts;C:\Program Files\NVIDIA GPU Computing Toolkit\CUDA\v8.0\lib\x64;C:\Program Files\NVIDIA GPU Computing Toolkit\CUDA\v8.0\extras\CUPTI\libx64;C:\WINDOWS\system32;C:\WINDOWS;C:\WINDOWS\System32\Wbem;C:\WINDOWS\System32\WindowsPowerShell\v1.0\;Z:\npm_install;C:\WINDOWS\System32\OpenSSH\;C:\Program Files\Microsoft VS Code\bin;C:\Program Files\Microsoft SQL Server\Client SDK\ODBC\170\Tools\Binn\;C:\Program Files (x86)\Microsoft SQL Server\150\Tools\Binn\;C:\Program Files\Microsoft SQL Server\150\Tools\Binn\;C:\Program Files\Microsoft SQL Server\150\DTS\Binn\;C:\ProgramData\chocolatey\bin;C:\Program Files\Docker\Docker\resources\bin;C:\ProgramData\DockerDesktop\version-bin;C:\Program Files\TortoiseGit\bin;C:\Program Files\WireGuard\;C:\Program Files\Go\bin;C:\Program Files\NVIDIA Corporation\Nsight Compute 2023.1.1\;C:\Program Files\Git\cmd;C:\Users\test\AppData\Roaming\nvm;C:\Program Files\nodejs;C:\Users\test\AppData\Local\Microsoft\WindowsApps;C:\Program Files\Docker Toolbox;C:\Program Files\Microsoft VS Code\bin;Z:\npm_install;C:\Users\test\AppData\Roaming\npm;c:\test\;C:\Users\test\AppData\Roaming\cabal\bin;C:\tools\ghc-9.0.1\bin;C:\tools\msys64;C:\Users\test\Downloads\ant-current-bin\apache-ant-1.8.2\bin;C:\Users\test\go\bin;C:\Users\test\AppData\Roaming\nvm;C:\Program Files\nodejs;C:\test\java\apache-maven-3.9.6\bin;C:\Program Files\PostgreSQL\16\bin;C:\Program Files (x86)\Notepad++;;.
INFO|15040/0|test.HelloWorld|24-04-08 18:23:53|myenv null
INFO|15040/0|test.HelloWorld|24-04-08 18:23:53|wrapper property: null
INFO|15040/0|test.HelloWorld|24-04-08 18:23:53|args:
INFO|15040/0|test.HelloWorld|24-04-08 18:23:53|a1
INFO|15040/0|test.HelloWorld|24-04-08 18:23:53|a2
INFO|15040/0|test.HelloWorld|24-04-08 18:23:53|0
INFO|15040/0|test.HelloWorld|24-04-08 18:23:53|0
INFO|15040/0|test.HelloWorld|24-04-08 18:23:53|0
INFO|15040/0|test.HelloWorld|24-04-08 18:23:54|1
INFO|15040/0|test.HelloWorld|24-04-08 18:23:54|1
INFO|15040/0|test.HelloWorld|24-04-08 18:23:54|1
INFO|15040/0|test.HelloWorld|24-04-08 18:23:54|2
INFO|15040/0|test.HelloWorld|24-04-08 18:23:54|2
INFO|15040/0|test.HelloWorld|24-04-08 18:23:54|2
INFO|15040/0|test.HelloWorld|24-04-08 18:23:54|3
INFO|15040/0|test.HelloWorld|24-04-08 18:23:54|3
INFO|15040/0|test.HelloWorld|24-04-08 18:23:54|3
INFO|15040/0|test.HelloWorld|24-04-08 18:23:54|4
INFO|15040/0|test.HelloWorld|24-04-08 18:23:54|4
INFO|15040/0|test.HelloWorld|24-04-08 18:23:54|4
INFO|15040/0|test.HelloWorld|24-04-08 18:23:54|a3
INFO|15040/0|test.HelloWorld|24-04-08 18:23:54|a4
INFO|15040/0|test.HelloWorld|24-04-08 18:23:54|5
INFO|15040/0|test.HelloWorld|24-04-08 18:23:54|5
INFO|15040/0|test.HelloWorld|24-04-08 18:23:54|5
INFO|15040/0|test.HelloWorld|24-04-08 18:23:54|6
INFO|15040/0|test.HelloWorld|24-04-08 18:23:54|6
INFO|15040/0|test.HelloWorld|24-04-08 18:23:54|6
INFO|15040/0|test.HelloWorld|24-04-08 18:23:54|7
INFO|15040/0|test.HelloWorld|24-04-08 18:23:54|7
INFO|15040/0|test.HelloWorld|24-04-08 18:23:54|7
INFO|15040/0|test.HelloWorld|24-04-08 18:23:54|8
INFO|15040/0|test.HelloWorld|24-04-08 18:23:54|8
INFO|15040/0|test.HelloWorld|24-04-08 18:23:54|8
INFO|15040/0|test.HelloWorld|24-04-08 18:23:54|9
INFO|15040/0|test.HelloWorld|24-04-08 18:23:54|9
INFO|15040/0|test.HelloWorld|24-04-08 18:23:54|9
INFO|15040/0|test.HelloWorld|24-04-08 18:23:54|a5
INFO|15040/0|test.HelloWorld|24-04-08 18:23:54|a6
INFO|15040/0|test.HelloWorld|24-04-08 18:23:55|a7
INFO|15040/0|test.HelloWorld|24-04-08 18:23:55|a8
INFO|15040/0|test.HelloWorld|24-04-08 18:23:55|a9
INFO|15040/0|test.HelloWorld|24-04-08 18:23:55|a10
INFO|15040/0|test.HelloWorld|24-04-08 18:23:56|a11
INFO|15040/0|test.HelloWorld|24-04-08 18:23:56|a12
INFO|15040/0|test.HelloWorld|24-04-08 18:23:57|a13
INFO|15040/0|test.HelloWorld|24-04-08 18:23:57|a14
INFO|15040/0|test.HelloWorld|24-04-08 18:23:57|a15
INFO|15040/0|test.HelloWorld|24-04-08 18:23:57|a16
INFO|15040/0|test.HelloWorld|24-04-08 18:23:58|a17
INFO|15040/0|test.HelloWorld|24-04-08 18:23:58|a18
INFO|15040/0|test.HelloWorld|24-04-08 18:23:58|a19
INFO|15040/0|test.HelloWorld|24-04-08 18:23:58|a20
INFO|15040/0|test.HelloWorld|24-04-08 18:23:58|a21
INFO|15040/0|test.HelloWorld|24-04-08 18:23:58|a22
INFO|15040/0|test.HelloWorld|24-04-08 18:23:59|a23
INFO|15040/0|test.HelloWorld|24-04-08 18:23:59|a24
INFO|15040/0|test.HelloWorld|24-04-08 18:23:59|a25
INFO|15040/0|test.HelloWorld|24-04-08 18:23:59|a26
INFO|15040/0|test.HelloWorld|24-04-08 18:24:00|a27
INFO|15040/0|test.HelloWorld|24-04-08 18:24:00|a28
INFO|wrapper|test.HelloWorld|24-04-08 18:24:00|Shutting down Wrapper
INFO|wrapper|test.HelloWorld|24-04-08 18:24:00|stopping process with pid/timeout 15040 45000
INFO|15040/0|test.HelloWorld|24-04-08 18:24:00|a29
INFO|15040/0|test.HelloWorld|24-04-08 18:24:00|a30
INFO|15040/0|test.HelloWorld|24-04-08 18:24:01|wrapper manager received Message:STOP::WRAPPER SHUTDOWN
INFO|15040/0|test.HelloWorld|24-04-08 18:24:01|TESTENV :null
INFO|15040/0|test.HelloWorld|24-04-08 18:24:01|stop reason: WRAPPER SHUTDOWN
INFO|15040/0|test.HelloWorld|24-04-08 18:24:01|You wanna quit, hey?
INFO|wrapper|test.HelloWorld|24-04-08 18:24:02|process exit code: 0
WARNING|wrapper|test.HelloWorld|24-04-08 18:25:45|YAJSW: yajsw-stable-13.12
WARNING|wrapper|test.HelloWorld|24-04-08 18:25:45|OS   : Windows 10/10.0/amd64
WARNING|wrapper|test.HelloWorld|24-04-08 18:25:45|JVM  : Oracle Corporation/22/C:\test\java\jdk-22/64
WARNING|wrapper|test.HelloWorld|24-04-08 18:25:46|error binding port for system tray icon, please check configuration
INFO|wrapper|test.HelloWorld|24-04-08 18:25:49|started process with pid 18400
INFO|18400/0|test.HelloWorld|24-04-08 18:25:49|TESTENV :null
INFO|18400/0|test.HelloWorld|24-04-08 18:25:49|TESTPROP: null
INFO|18400/0|test.HelloWorld|24-04-08 18:25:49|public abstract java.nio.file.Path java.nio.file.Path.toAbsolutePath()
INFO|18400/0|test.HelloWorld|24-04-08 18:25:49|working dir path: Z:\dev\yajsw\releases\yajsw-stable-13.12\bat\.
INFO|18400/0|test.HelloWorld|24-04-08 18:25:49|java.library.path: C:\Program Files\Java\jre1.8.0_144\bin;C:\Windows\Sun\Java\bin;C:\Windows\system32;C:\Windows;C:\Program Files\NVIDIA GPU Computing Toolkit\CUDA\v12.1\bin;C:\Program Files\NVIDIA GPU Computing Toolkit\CUDA\v12.1\libnvvp;C:\Program Files (x86)\Common Files\Oracle\Java\javapath;C:\ProgramData\Oracle\Java\javapath;C:\Program Files\NVIDIA GPU Computing Toolkit\CUDA\v8.0\bin;C:\Program Files\NVIDIA GPU Computing Toolkit\CUDA\v8.0\libnvvp;C:\WINDOWS\system32;C:\WINDOWS;C:\WINDOWS\System32\Wbem;C:\WINDOWS\System32\WindowsPowerShell\v1.0\;C:\Program Files (x86)\NVIDIA Corporation\PhysX\Common;C:\Program Files (x86)\Microsoft Visual Studio\2017\Community\VC\Tools\MSVC\14.10.25017\bin\HostX86\x64;C:\Users\test\AppData\Local\Programs\Python\Python35\Scripts;C:\Program Files\NVIDIA GPU Computing Toolkit\CUDA\v8.0\lib\x64;C:\Program Files\NVIDIA GPU Computing Toolkit\CUDA\v8.0\extras\CUPTI\libx64;C:\WINDOWS\system32;C:\WINDOWS;C:\WINDOWS\System32\Wbem;C:\WINDOWS\System32\WindowsPowerShell\v1.0\;Z:\npm_install;C:\WINDOWS\System32\OpenSSH\;C:\Program Files\Microsoft VS Code\bin;C:\Program Files\Microsoft SQL Server\Client SDK\ODBC\170\Tools\Binn\;C:\Program Files (x86)\Microsoft SQL Server\150\Tools\Binn\;C:\Program Files\Microsoft SQL Server\150\Tools\Binn\;C:\Program Files\Microsoft SQL Server\150\DTS\Binn\;C:\ProgramData\chocolatey\bin;C:\Program Files\Docker\Docker\resources\bin;C:\ProgramData\DockerDesktop\version-bin;C:\Program Files\TortoiseGit\bin;C:\Program Files\WireGuard\;C:\Program Files\Go\bin;C:\Program Files\NVIDIA Corporation\Nsight Compute 2023.1.1\;C:\Program Files\Git\cmd;C:\Users\test\AppData\Roaming\nvm;C:\Program Files\nodejs;C:\Users\test\AppData\Local\Microsoft\WindowsApps;C:\Program Files\Docker Toolbox;C:\Program Files\Microsoft VS Code\bin;Z:\npm_install;C:\Users\test\AppData\Roaming\npm;c:\test\;C:\Users\test\AppData\Roaming\cabal\bin;C:\tools\ghc-9.0.1\bin;C:\tools\msys64;C:\Users\test\Downloads\ant-current-bin\apache-ant-1.8.2\bin;C:\Users\test\go\bin;C:\Users\test\AppData\Roaming\nvm;C:\Program Files\nodejs;C:\test\java\apache-maven-3.9.6\bin;C:\Program Files\PostgreSQL\16\bin;C:\Program Files (x86)\Notepad++;;.
INFO|18400/0|test.HelloWorld|24-04-08 18:25:49|myenv null
INFO|18400/0|test.HelloWorld|24-04-08 18:25:50|wrapper property: null
INFO|18400/0|test.HelloWorld|24-04-08 18:25:50|args:
INFO|18400/0|test.HelloWorld|24-04-08 18:25:50|a1
INFO|18400/0|test.HelloWorld|24-04-08 18:25:50|a2
INFO|18400/0|test.HelloWorld|24-04-08 18:25:50|0
INFO|18400/0|test.HelloWorld|24-04-08 18:25:50|0
INFO|18400/0|test.HelloWorld|24-04-08 18:25:50|0
INFO|18400/0|test.HelloWorld|24-04-08 18:25:50|1
INFO|18400/0|test.HelloWorld|24-04-08 18:25:50|1
INFO|18400/0|test.HelloWorld|24-04-08 18:25:50|1
INFO|18400/0|test.HelloWorld|24-04-08 18:25:50|2
INFO|18400/0|test.HelloWorld|24-04-08 18:25:50|2
INFO|18400/0|test.HelloWorld|24-04-08 18:25:50|2
INFO|18400/0|test.HelloWorld|24-04-08 18:25:50|3
INFO|18400/0|test.HelloWorld|24-04-08 18:25:50|3
INFO|18400/0|test.HelloWorld|24-04-08 18:25:50|3
INFO|18400/0|test.HelloWorld|24-04-08 18:25:50|4
INFO|18400/0|test.HelloWorld|24-04-08 18:25:50|4
INFO|18400/0|test.HelloWorld|24-04-08 18:25:50|4
INFO|18400/0|test.HelloWorld|24-04-08 18:25:50|a3
INFO|18400/0|test.HelloWorld|24-04-08 18:25:50|a4
INFO|18400/0|test.HelloWorld|24-04-08 18:25:50|5
INFO|18400/0|test.HelloWorld|24-04-08 18:25:50|5
INFO|18400/0|test.HelloWorld|24-04-08 18:25:50|5
INFO|18400/0|test.HelloWorld|24-04-08 18:25:51|6
INFO|18400/0|test.HelloWorld|24-04-08 18:25:51|6
INFO|18400/0|test.HelloWorld|24-04-08 18:25:51|6
INFO|18400/0|test.HelloWorld|24-04-08 18:25:51|7
INFO|18400/0|test.HelloWorld|24-04-08 18:25:51|7
INFO|18400/0|test.HelloWorld|24-04-08 18:25:51|7
INFO|18400/0|test.HelloWorld|24-04-08 18:25:51|8
INFO|18400/0|test.HelloWorld|24-04-08 18:25:51|8
INFO|18400/0|test.HelloWorld|24-04-08 18:25:51|8
INFO|18400/0|test.HelloWorld|24-04-08 18:25:51|9
INFO|18400/0|test.HelloWorld|24-04-08 18:25:51|9
INFO|18400/0|test.HelloWorld|24-04-08 18:25:51|9
INFO|18400/0|test.HelloWorld|24-04-08 18:25:51|a5
INFO|18400/0|test.HelloWorld|24-04-08 18:25:51|a6
INFO|18400/0|test.HelloWorld|24-04-08 18:25:51|a7
INFO|18400/0|test.HelloWorld|24-04-08 18:25:51|a8
INFO|18400/0|test.HelloWorld|24-04-08 18:25:52|a9
INFO|18400/0|test.HelloWorld|24-04-08 18:25:52|a10
INFO|18400/0|test.HelloWorld|24-04-08 18:25:52|a11
INFO|18400/0|test.HelloWorld|24-04-08 18:25:52|a12
INFO|18400/0|test.HelloWorld|24-04-08 18:25:53|a13
INFO|18400/0|test.HelloWorld|24-04-08 18:25:53|a14
INFO|18400/0|test.HelloWorld|24-04-08 18:25:53|a15
INFO|18400/0|test.HelloWorld|24-04-08 18:25:53|a16
INFO|18400/0|test.HelloWorld|24-04-08 18:25:54|a17
INFO|18400/0|test.HelloWorld|24-04-08 18:25:54|a18
INFO|18400/0|test.HelloWorld|24-04-08 18:25:55|a19
INFO|18400/0|test.HelloWorld|24-04-08 18:25:55|a20
INFO|18400/0|test.HelloWorld|24-04-08 18:25:55|a21
INFO|18400/0|test.HelloWorld|24-04-08 18:25:55|a22
INFO|18400/0|test.HelloWorld|24-04-08 18:25:56|a23
INFO|18400/0|test.HelloWorld|24-04-08 18:25:56|a24
INFO|18400/0|test.HelloWorld|24-04-08 18:25:56|a25
INFO|18400/0|test.HelloWorld|24-04-08 18:25:56|a26
INFO|18400/0|test.HelloWorld|24-04-08 18:25:56|a27
INFO|18400/0|test.HelloWorld|24-04-08 18:25:56|a28
INFO|18400/0|test.HelloWorld|24-04-08 18:25:57|a29
INFO|18400/0|test.HelloWorld|24-04-08 18:25:57|a30
INFO|wrapper|test.HelloWorld|24-04-08 18:25:57|Shutting down Wrapper
INFO|wrapper|test.HelloWorld|24-04-08 18:25:57|stopping process with pid/timeout 18400 45000
INFO|18400/0|test.HelloWorld|24-04-08 18:25:57|a31
INFO|18400/0|test.HelloWorld|24-04-08 18:25:57|a32
INFO|18400/0|test.HelloWorld|24-04-08 18:25:58|wrapper manager received Message:STOP::WRAPPER SHUTDOWN
INFO|18400/0|test.HelloWorld|24-04-08 18:25:58|TESTENV :null
INFO|18400/0|test.HelloWorld|24-04-08 18:25:58|stop reason: WRAPPER SHUTDOWN
INFO|18400/0|test.HelloWorld|24-04-08 18:25:58|You wanna quit, hey?
INFO|wrapper|test.HelloWorld|24-04-08 18:25:59|process exit code: 0
